[2026-02-18 04:18:33] === v5 Data Preparation Starting ===
[2026-02-18 04:18:33] Python: Python 3.12.12
[2026-02-18 04:18:33] === Phase 1a: Downloading all Binance USDT-M Futures pairs ===
[2026-02-18 04:18:33]   Output: data/raw/1h/
[2026-02-18 04:18:33]   This takes ~1-2 hours...
05:18:34 [INFO] Fetching all USDT-M perpetual futures...
05:18:34 [INFO] Found 432 pairs with >180d history
05:18:34 [INFO] Downloading 1h klines for 432 pairs...
05:18:34 [INFO] Output: data/raw/1h/
05:18:34 [INFO] Max concurrent: 12
Pairs:   0%|          | 0/432 [00:00<?, ?pair/s]Pairs:   0%|          | 1/432 [00:03<26:21,  3.67s/pair]Pairs:   0%|          | 2/432 [00:04<14:09,  1.97s/pair]Pairs:   1%|          | 3/432 [00:05<10:29,  1.47s/pair]05:18:41 [WARNING] Rate limited (429), waiting 19s
05:18:41 [WARNING] Rate limited (429), waiting 19s
05:18:41 [WARNING] Rate limited (429), waiting 19s
05:18:41 [WARNING] Rate limited (429), waiting 19s
05:18:41 [WARNING] Rate limited (429), waiting 19s
05:18:41 [WARNING] Rate limited (429), waiting 19s
05:18:41 [WARNING] Rate limited (429), waiting 19s
05:18:42 [WARNING] Rate limited (429), waiting 19s
05:18:42 [WARNING] Rate limited (429), waiting 19s
05:18:42 [WARNING] Rate limited (429), waiting 19s
05:18:42 [WARNING] Rate limited (429), waiting 19s
05:18:42 [WARNING] Rate limited (429), waiting 19s
05:19:07 [WARNING] Rate limited (429), waiting 53s
05:19:07 [WARNING] Rate limited (429), waiting 53s
05:19:07 [WARNING] Rate limited (429), waiting 53s
05:19:07 [WARNING] Rate limited (429), waiting 53s
05:19:07 [WARNING] Rate limited (429), waiting 53s
05:19:07 [WARNING] Rate limited (429), waiting 53s
05:19:07 [WARNING] Rate limited (429), waiting 53s
05:19:07 [WARNING] Rate limited (429), waiting 53s
05:19:07 [WARNING] Rate limited (429), waiting 53s
05:19:07 [WARNING] Rate limited (429), waiting 53s
05:19:07 [WARNING] Rate limited (429), waiting 53s
05:19:08 [WARNING] Rate limited (429), waiting 52s
05:20:07 [WARNING] Rate limited (429), waiting 53s
05:20:07 [WARNING] Rate limited (429), waiting 53s
05:20:07 [WARNING] Rate limited (429), waiting 53s
05:20:07 [WARNING] Rate limited (429), waiting 53s
05:20:07 [WARNING] Rate limited (429), waiting 53s
05:20:07 [WARNING] Rate limited (429), waiting 53s
05:20:07 [WARNING] Rate limited (429), waiting 53s
05:20:07 [WARNING] Rate limited (429), waiting 53s
05:20:07 [WARNING] Rate limited (429), waiting 53s
05:20:08 [WARNING] Rate limited (429), waiting 53s
05:20:08 [WARNING] Rate limited (429), waiting 53s
05:20:08 [WARNING] Rate limited (429), waiting 53s
05:21:07 [WARNING] Rate limited (429), waiting 53s
05:21:07 [WARNING] Rate limited (429), waiting 53s
05:21:07 [WARNING] Rate limited (429), waiting 53s
05:21:07 [WARNING] Rate limited (429), waiting 53s
05:21:07 [WARNING] Rate limited (429), waiting 53s
05:21:07 [WARNING] Rate limited (429), waiting 53s
05:21:08 [WARNING] Rate limited (429), waiting 53s
05:21:08 [WARNING] Rate limited (429), waiting 53s
05:21:08 [WARNING] Rate limited (429), waiting 53s
05:21:08 [WARNING] Rate limited (429), waiting 53s
05:21:08 [WARNING] Rate limited (429), waiting 53s
05:21:08 [WARNING] Rate limited (429), waiting 53s
Pairs:   1%|          | 4/432 [03:32<9:48:34, 82.51s/pair]05:22:07 [WARNING] Rate limited (429), waiting 53s
05:22:07 [WARNING] Rate limited (429), waiting 53s
05:22:07 [WARNING] Rate limited (429), waiting 53s
05:22:07 [WARNING] Rate limited (429), waiting 53s
05:22:07 [WARNING] Rate limited (429), waiting 53s
05:22:07 [WARNING] Rate limited (429), waiting 53s
05:22:07 [WARNING] Rate limited (429), waiting 53s
05:22:07 [WARNING] Rate limited (429), waiting 53s
05:22:07 [WARNING] Rate limited (429), waiting 53s
05:22:07 [WARNING] Rate limited (429), waiting 53s
05:22:08 [WARNING] Rate limited (429), waiting 52s
05:22:08 [WARNING] Rate limited (429), waiting 52s
WARNING] Rate limited (429), waiting 52s
05:22:08 [WARNING] Rate limited (429), waiting 52s
